#
# A fatal error has been detected by the Java Runtime Environment:
#
#  EXCEPTION_ACCESS_VIOLATION (0xc0000005) at pc=0x000000001bbcb8ff, pid=5892, tid=0x00000000000011a4
#
# JRE version: Java(TM) SE Runtime Environment (8.0_231-b11) (build 1.8.0_231-b11)
# Java VM: Java HotSpot(TM) 64-Bit Server VM (25.231-b11 mixed mode windows-amd64 compressed oops)
# Problematic frame:
# C  [libtesseract-4.dll+0x1b8ff]
#
# Failed to write core dump. Minidumps are not enabled by default on client versions of Windows
#
# If you would like to submit a bug report, please visit:
#   http://bugreport.java.com/bugreport/crash.jsp
# The crash happened outside the Java Virtual Machine in native code.
# See problematic frame for where to report the bug.
#

---------------  T H R E A D  ---------------

Current thread (0x00000000195c3800):  JavaThread "SwingWorker-pool-2-thread-4" daemon [_thread_in_native, id=4516, stack(0x000000001f080000,0x000000001f180000)]

siginfo: ExceptionCode=0xc0000005, reading address 0x000000000000000c

Registers:
RAX=0x0000000000000000, RBX=0x000000001c254020, RCX=0x000000001c275c38, RDX=0x0000000000000000
RSP=0x000000001f17eef0, RBP=0x0000000000000000, RSI=0x000000001f17ef60, RDI=0x000000001b5feec0
R8 =0x0000000000000000, R9 =0x0000000000000000, R10=0xe0615e737764735e, R11=0x8101010101010100
R12=0x0000000000000000, R13=0x000000001a8919f8, R14=0x0000000000000000, R15=0x00000000195c3800
RIP=0x000000001bbcb8ff, EFLAGS=0x0000000000010246

Top of Stack: (sp=0x000000001f17eef0)
0x000000001f17eef0:   0000000000000000 0000000000000000
0x000000001f17ef00:   000000001c2e3500 000000001c2e3c80
0x000000001f17ef10:   000000001c2e3500 000000001c2cbff0
0x000000001f17ef20:   0000000000000001 000000001f17ef70
0x000000001f17ef30:   000000001c2e3bf0 000000001c2e3bf0
0x000000001f17ef40:   000000001c2e3c80 000000001bd4c6ca
0x000000001f17ef50:   000000001c2cc370 000000001bcf6cf6
0x000000001f17ef60:   000000001b5feec0 0000000000000000
0x000000001f17ef70:   0000000000000000 0000000000000000
0x000000001f17ef80:   000000001c2bcf20 000000001c2e3bf0
0x000000001f17ef90:   000000001c2cbff0 000000001c2be810
0x000000001f17efa0:   000000001c2e3c80 000000001c2cbff0
0x000000001f17efb0:   000000001b5feec8 000000001c2cbff0
0x000000001f17efc0:   000000001c2cbff0 000000001c2cbff0
0x000000001f17efd0:   0000000000000000 000000001c2cbff0
0x000000001f17efe0:   000000001c2cbf00 000000001c2cc018 

Instructions: (pc=0x000000001bbcb8ff)
0x000000001bbcb8df:   00 31 d2 48 89 f1 e8 96 f3 17 00 8b 83 c0 15 00
0x000000001bbcb8ef:   00 85 c0 0f 8f a8 00 00 00 48 8b 83 68 0a 00 00
0x000000001bbcb8ff:   80 78 0c 00 0f 85 87 02 00 00 8b 83 18 48 02 00
0x000000001bbcb90f:   85 c0 0f 8e 99 00 00 00 45 31 ff 45 31 ed eb 23 


Register to memory mapping:

RAX=0x0000000000000000 is an unknown value
RBX=0x000000001c254020 is an unknown value
RCX=0x000000001c275c38 is an unknown value
RDX=0x0000000000000000 is an unknown value
RSP=0x000000001f17eef0 is pointing into the stack for thread: 0x00000000195c3800
RBP=0x0000000000000000 is an unknown value
RSI=0x000000001f17ef60 is pointing into the stack for thread: 0x00000000195c3800
RDI=0x000000001b5feec0 is an unknown value
R8 =0x0000000000000000 is an unknown value
R9 =0x0000000000000000 is an unknown value
R10=0xe0615e737764735e is an unknown value
R11=0x8101010101010100 is an unknown value
R12=0x0000000000000000 is an unknown value
R13={method} {0x000000001a891a00} 'TessBaseAPIRecognize' '(Lorg/bytedeco/javacpp/tesseract$TessBaseAPI;Lorg/bytedeco/javacpp/tesseract$ETEXT_DESC;)I' in 'org/bytedeco/javacpp/tesseract'
R14=0x0000000000000000 is an unknown value
R15=0x00000000195c3800 is a thread


Stack: [0x000000001f080000,0x000000001f180000],  sp=0x000000001f17eef0,  free space=1019k
Native frames: (J=compiled Java code, j=interpreted, Vv=VM code, C=native code)

Java frames: (J=compiled Java code, j=interpreted, Vv=VM code)
j  org.bytedeco.javacpp.tesseract.TessBaseAPIRecognize(Lorg/bytedeco/javacpp/tesseract$TessBaseAPI;Lorg/bytedeco/javacpp/tesseract$ETEXT_DESC;)I+0
j  de.vorb.tesseract.tools.recognition.RecognitionProducer.recognize(Lde/vorb/tesseract/tools/recognition/RecognitionConsumer;)V+5
j  de.vorb.tesseract.gui.work.RecognitionWorker.doInBackground()Lde/vorb/tesseract/gui/model/PageModel;+78
j  de.vorb.tesseract.gui.work.RecognitionWorker.doInBackground()Ljava/lang/Object;+1
j  javax.swing.SwingWorker$1.call()Ljava/lang/Object;+14
J 2919 C2 java.util.concurrent.FutureTask.run()V (126 bytes) @ 0x0000000002c7a4cc [0x0000000002c7a420+0xac]
j  javax.swing.SwingWorker.run()V+4
j  java.util.concurrent.ThreadPoolExecutor.runWorker(Ljava/util/concurrent/ThreadPoolExecutor$Worker;)V+95
j  java.util.concurrent.ThreadPoolExecutor$Worker.run()V+5
j  java.lang.Thread.run()V+11
v  ~StubRoutines::call_stub

---------------  P R O C E S S  ---------------

Java Threads: ( => current thread )
=>0x00000000195c3800 JavaThread "SwingWorker-pool-2-thread-4" daemon [_thread_in_native, id=4516, stack(0x000000001f080000,0x000000001f180000)]
  0x00000000195bf000 JavaThread "SwingWorker-pool-2-thread-3" daemon [_thread_blocked, id=7856, stack(0x000000001ef80000,0x000000001f080000)]
  0x00000000195c3000 JavaThread "SwingWorker-pool-2-thread-2" daemon [_thread_blocked, id=12784, stack(0x000000001ee80000,0x000000001ef80000)]
  0x00000000195c2000 JavaThread "SwingWorker-pool-2-thread-1" daemon [_thread_blocked, id=12184, stack(0x0000000019eb0000,0x0000000019fb0000)]
  0x00000000195be800 JavaThread "Swing-Shell" daemon [_thread_blocked, id=11664, stack(0x000000001a5c0000,0x000000001a6c0000)]
  0x00000000195bd800 JavaThread "TimerQueue" daemon [_thread_blocked, id=11860, stack(0x0000000019cb0000,0x0000000019db0000)]
  0x00000000195c1800 JavaThread "DestroyJavaVM" [_thread_blocked, id=17824, stack(0x00000000021e0000,0x00000000022e0000)]
  0x0000000019526800 JavaThread "JavaCPP Deallocator" daemon [_thread_blocked, id=11928, stack(0x000000001bab0000,0x000000001bbb0000)]
  0x0000000019276800 JavaThread "Timer-0" daemon [_thread_blocked, id=17956, stack(0x000000001a9c0000,0x000000001aac0000)]
  0x000000001914b000 JavaThread "AWT-EventQueue-0" [_thread_blocked, id=5308, stack(0x000000001a2c0000,0x000000001a3c0000)]
  0x00000000190d8800 JavaThread "ThumbnailLoadTimer" [_thread_blocked, id=16788, stack(0x000000001a1c0000,0x000000001a2c0000)]
  0x00000000190d7800 JavaThread "PageSelectionTimer" [_thread_blocked, id=16120, stack(0x000000001a0c0000,0x000000001a1c0000)]
  0x00000000190ca000 JavaThread "AWT-Windows" daemon [_thread_in_native, id=2748, stack(0x0000000019a30000,0x0000000019b30000)]
  0x00000000190c3000 JavaThread "AWT-Shutdown" [_thread_blocked, id=17712, stack(0x0000000019930000,0x0000000019a30000)]
  0x00000000190c2800 JavaThread "Java2D Disposer" daemon [_thread_blocked, id=17636, stack(0x0000000019830000,0x0000000019930000)]
  0x00000000188f6000 JavaThread "Service Thread" daemon [_thread_blocked, id=3956, stack(0x0000000018cc0000,0x0000000018dc0000)]
  0x0000000016f5e000 JavaThread "C1 CompilerThread2" daemon [_thread_blocked, id=7312, stack(0x00000000187c0000,0x00000000188c0000)]
  0x0000000016f57800 JavaThread "C2 CompilerThread1" daemon [_thread_blocked, id=9096, stack(0x00000000186c0000,0x00000000187c0000)]
  0x0000000016f4f000 JavaThread "C2 CompilerThread0" daemon [_thread_blocked, id=4512, stack(0x00000000185c0000,0x00000000186c0000)]
  0x0000000016f4c000 JavaThread "Attach Listener" daemon [_thread_blocked, id=17044, stack(0x00000000184c0000,0x00000000185c0000)]
  0x0000000016f4b000 JavaThread "Signal Dispatcher" daemon [_thread_blocked, id=7572, stack(0x00000000183c0000,0x00000000184c0000)]
  0x00000000023db000 JavaThread "Finalizer" daemon [_thread_blocked, id=16564, stack(0x00000000181a0000,0x00000000182a0000)]
  0x00000000023d0000 JavaThread "Reference Handler" daemon [_thread_blocked, id=10512, stack(0x00000000180a0000,0x00000000181a0000)]

Other Threads:
  0x0000000016f18000 VMThread [stack: 0x0000000017fa0000,0x00000000180a0000] [id=3924]
  0x0000000016fae000 WatcherThread [stack: 0x0000000018dc0000,0x0000000018ec0000] [id=12012]

VM state:not at safepoint (normal execution)

VM Mutex/Monitor currently owned by a thread: None

heap address: 0x0000000081400000, size: 2028 MB, Compressed Oops mode: 32-bit
Narrow klass base: 0x0000000000000000, Narrow klass shift: 3
Compressed class space size: 1073741824 Address: 0x0000000100000000

Heap:
 PSYoungGen      total 38400K, used 13572K [0x00000000d5c00000, 0x00000000d8680000, 0x0000000100000000)
  eden space 33280K, 25% used [0x00000000d5c00000,0x00000000d64446f0,0x00000000d7c80000)
  from space 5120K, 99% used [0x00000000d8180000,0x00000000d867c910,0x00000000d8680000)
  to   space 5120K, 0% used [0x00000000d7c80000,0x00000000d7c80000,0x00000000d8180000)
 ParOldGen       total 87552K, used 11455K [0x0000000081400000, 0x0000000086980000, 0x00000000d5c00000)
  object space 87552K, 13% used [0x0000000081400000,0x0000000081f2fe90,0x0000000086980000)
 Metaspace       used 20105K, capacity 20514K, committed 20864K, reserved 1067008K
  class space    used 2527K, capacity 2635K, committed 2688K, reserved 1048576K

Card table byte_map: [0x00000000117a0000,0x0000000011ba0000] byte_map_base: 0x0000000011396000

Marking Bits: (ParMarkBitMap*) 0x0000000065f66d90
 Begin Bits: [0x0000000012250000, 0x0000000014200000)
 End Bits:   [0x0000000014200000, 0x00000000161b0000)

Polling page: 0x00000000006e0000

CodeCache: size=245760Kb used=9126Kb max_used=9126Kb free=236633Kb
 bounds [0x00000000023e0000, 0x0000000002ce0000, 0x00000000113e0000]
 total_blobs=3594 nmethods=2825 adapters=679
 compilation: enabled

Compilation events (10 events):
Event: 46.917 Thread 0x0000000016f5e000 3019       3       sun.misc.URLClassPath$JarLoader$2::getManifest (26 bytes)
Event: 46.917 Thread 0x0000000016f5e000 nmethod 3019 0x0000000002ccf490 code [0x0000000002ccf640, 0x0000000002ccfb68]
Event: 46.923 Thread 0x0000000016f5e000 3022       3       sun.misc.URLClassPath$JarLoader$2::getCodeSigners (8 bytes)
Event: 46.923 Thread 0x0000000016f5e000 nmethod 3022 0x0000000002ccfd90 code [0x0000000002ccff00, 0x0000000002cd0128]
Event: 46.923 Thread 0x0000000016f5e000 3023   !   3       java.util.jar.JarFile$JarFileEntry::getCodeSigners (78 bytes)
Event: 46.924 Thread 0x0000000016f5e000 nmethod 3023 0x0000000002cd01d0 code [0x0000000002cd03a0, 0x0000000002cd0998]
Event: 46.924 Thread 0x0000000016f5e000 3024       3       java.security.CodeSource::equals (60 bytes)
Event: 46.925 Thread 0x0000000016f5e000 nmethod 3024 0x0000000002cd0c10 code [0x0000000002cd0dc0, 0x0000000002cd1598]
Event: 46.925 Thread 0x0000000016f5e000 3025       3       sun.net.www.protocol.file.Handler::hostsEqual (69 bytes)
Event: 46.925 Thread 0x0000000016f5e000 nmethod 3025 0x0000000002cd1750 code [0x0000000002cd1900, 0x0000000002cd2068]

GC Heap History (4 events):
Event: 7.837 GC heap before
{Heap before GC invocations=1 (full 0):
 PSYoungGen      total 38400K, used 33280K [0x00000000d5c00000, 0x00000000d8680000, 0x0000000100000000)
  eden space 33280K, 100% used [0x00000000d5c00000,0x00000000d7c80000,0x00000000d7c80000)
  from space 5120K, 0% used [0x00000000d8180000,0x00000000d8180000,0x00000000d8680000)
  to   space 5120K, 0% used [0x00000000d7c80000,0x00000000d7c80000,0x00000000d8180000)
 ParOldGen       total 87552K, used 0K [0x0000000081400000, 0x0000000086980000, 0x00000000d5c00000)
  object space 87552K, 0% used [0x0000000081400000,0x0000000081400000,0x0000000086980000)
 Metaspace       used 17922K, capacity 18346K, committed 18560K, reserved 1064960K
  class space    used 2261K, capacity 2367K, committed 2432K, reserved 1048576K
Event: 7.844 GC heap after
Heap after GC invocations=1 (full 0):
 PSYoungGen      total 38400K, used 5091K [0x00000000d5c00000, 0x00000000d8680000, 0x0000000100000000)
  eden space 33280K, 0% used [0x00000000d5c00000,0x00000000d5c00000,0x00000000d7c80000)
  from space 5120K, 99% used [0x00000000d7c80000,0x00000000d8178cd0,0x00000000d8180000)
  to   space 5120K, 0% used [0x00000000d8180000,0x00000000d8180000,0x00000000d8680000)
 ParOldGen       total 87552K, used 3630K [0x0000000081400000, 0x0000000086980000, 0x00000000d5c00000)
  object space 87552K, 4% used [0x0000000081400000,0x000000008178b990,0x0000000086980000)
 Metaspace       used 17922K, capacity 18346K, committed 18560K, reserved 1064960K
  class space    used 2261K, capacity 2367K, committed 2432K, reserved 1048576K
}
Event: 40.673 GC heap before
{Heap before GC invocations=2 (full 0):
 PSYoungGen      total 38400K, used 38371K [0x00000000d5c00000, 0x00000000d8680000, 0x0000000100000000)
  eden space 33280K, 100% used [0x00000000d5c00000,0x00000000d7c80000,0x00000000d7c80000)
  from space 5120K, 99% used [0x00000000d7c80000,0x00000000d8178cd0,0x00000000d8180000)
  to   space 5120K, 0% used [0x00000000d8180000,0x00000000d8180000,0x00000000d8680000)
 ParOldGen       total 87552K, used 3630K [0x0000000081400000, 0x0000000086980000, 0x00000000d5c00000)
  object space 87552K, 4% used [0x0000000081400000,0x000000008178b990,0x0000000086980000)
 Metaspace       used 19805K, capacity 20220K, committed 20608K, reserved 1067008K
  class space    used 2490K, capacity 2602K, committed 2688K, reserved 1048576K
Event: 40.683 GC heap after
Heap after GC invocations=2 (full 0):
 PSYoungGen      total 38400K, used 5106K [0x00000000d5c00000, 0x00000000d8680000, 0x0000000100000000)
  eden space 33280K, 0% used [0x00000000d5c00000,0x00000000d5c00000,0x00000000d7c80000)
  from space 5120K, 99% used [0x00000000d8180000,0x00000000d867c910,0x00000000d8680000)
  to   space 5120K, 0% used [0x00000000d7c80000,0x00000000d7c80000,0x00000000d8180000)
 ParOldGen       total 87552K, used 11455K [0x0000000081400000, 0x0000000086980000, 0x00000000d5c00000)
  object space 87552K, 13% used [0x0000000081400000,0x0000000081f2fe90,0x0000000086980000)
 Metaspace       used 19805K, capacity 20220K, committed 20608K, reserved 1067008K
  class space    used 2490K, capacity 2602K, committed 2688K, reserved 1048576K
}

Deoptimization events (10 events):
Event: 40.560 Thread 0x00000000195c2000 Uncommon trap: reason=bimorphic action=maybe_recompile pc=0x000000000258e508 method=sun.java2d.loops.SurfaceType.pixelFor(ILjava/awt/image/ColorModel;)I @ 6
Event: 40.688 Thread 0x00000000195c2000 Uncommon trap: reason=unstable_if action=reinterpret pc=0x0000000002c59d6c method=sun.awt.image.OffScreenImageSource.sendPixels()V @ 663
Event: 40.718 Thread 0x00000000195c2000 Uncommon trap: reason=bimorphic action=maybe_recompile pc=0x000000000258e508 method=sun.java2d.loops.SurfaceType.pixelFor(ILjava/awt/image/ColorModel;)I @ 6
Event: 40.718 Thread 0x00000000195c2000 Uncommon trap: reason=unstable_if action=reinterpret pc=0x000000000250c2c4 method=java.awt.image.ComponentColorModel.getRGB(Ljava/lang/Object;)I @ 4
Event: 40.751 Thread 0x000000001914b000 Uncommon trap: reason=bimorphic action=maybe_recompile pc=0x000000000258e508 method=sun.java2d.loops.SurfaceType.pixelFor(ILjava/awt/image/ColorModel;)I @ 6
Event: 40.751 Thread 0x000000001914b000 Uncommon trap: reason=bimorphic action=maybe_recompile pc=0x00000000027d046c method=sun.java2d.loops.SurfaceType.pixelFor(ILjava/awt/image/ColorModel;)I @ 6
Event: 40.751 Thread 0x000000001914b000 Uncommon trap: reason=bimorphic action=maybe_recompile pc=0x000000000258e508 method=sun.java2d.loops.SurfaceType.pixelFor(ILjava/awt/image/ColorModel;)I @ 6
Event: 40.752 Thread 0x000000001914b000 Uncommon trap: reason=class_check action=maybe_recompile pc=0x0000000002580234 method=java.awt.Component.getGraphics()Ljava/awt/Graphics; @ 114
Event: 42.541 Thread 0x00000000195bf000 Uncommon trap: reason=unstable_if action=reinterpret pc=0x00000000025959c0 method=java.awt.image.ComponentColorModel.getRGB(Ljava/lang/Object;)I @ 4
Event: 42.575 Thread 0x00000000195bf000 Uncommon trap: reason=unstable_if action=reinterpret pc=0x00000000025da96c method=java.util.concurrent.locks.AbstractQueuedSynchronizer$ConditionObject.addConditionWaiter()Ljava/util/concurrent/locks/AbstractQueuedSynchronizer$Node; @ 41

Classes redefined (0 events):
No events

Internal exceptions (10 events):
Event: 38.501 Thread 0x000000001914b000 Implicit null exception at 0x00000000028e8466 to 0x00000000028e93b9
Event: 38.505 Thread 0x000000001914b000 Exception <a 'sun/nio/fs/WindowsException'> (0x00000000d709da20) thrown at [C:\re\workspace\8-2-build-windows-amd64-cygwin\jdk8u231\13620\hotspot\src\share\vm\prims\jni.cpp, line 710]
Event: 38.507 Thread 0x000000001914b000 Exception <a 'sun/nio/fs/WindowsException'> (0x00000000d709ebf8) thrown at [C:\re\workspace\8-2-build-windows-amd64-cygwin\jdk8u231\13620\hotspot\src\share\vm\prims\jni.cpp, line 710]
Event: 39.478 Thread 0x000000001914b000 Exception <a 'sun/nio/fs/WindowsException'> (0x00000000d70fe020) thrown at [C:\re\workspace\8-2-build-windows-amd64-cygwin\jdk8u231\13620\hotspot\src\share\vm\prims\jni.cpp, line 710]
Event: 39.496 Thread 0x00000000195c2000 Exception <a 'sun/nio/fs/WindowsException'> (0x00000000d715e960) thrown at [C:\re\workspace\8-2-build-windows-amd64-cygwin\jdk8u231\13620\hotspot\src\share\vm\prims\jni.cpp, line 710]
Event: 40.498 Thread 0x00000000195c2000 Exception <a 'sun/nio/fs/WindowsException'> (0x00000000d715f258) thrown at [C:\re\workspace\8-2-build-windows-amd64-cygwin\jdk8u231\13620\hotspot\src\share\vm\prims\jni.cpp, line 710]
Event: 40.498 Thread 0x00000000195c2000 Exception <a 'sun/nio/fs/WindowsException'> (0x00000000d715f7d0) thrown at [C:\re\workspace\8-2-build-windows-amd64-cygwin\jdk8u231\13620\hotspot\src\share\vm\prims\jni.cpp, line 710]
Event: 40.716 Thread 0x00000000195c2000 Exception <a 'sun/nio/fs/WindowsException'> (0x00000000d5d6c128) thrown at [C:\re\workspace\8-2-build-windows-amd64-cygwin\jdk8u231\13620\hotspot\src\share\vm\prims\jni.cpp, line 710]
Event: 40.716 Thread 0x00000000195c2000 Exception <a 'sun/nio/fs/WindowsException'> (0x00000000d5d6c6a0) thrown at [C:\re\workspace\8-2-build-windows-amd64-cygwin\jdk8u231\13620\hotspot\src\share\vm\prims\jni.cpp, line 710]
Event: 42.526 Thread 0x00000000195bf000 Exception <a 'sun/nio/fs/WindowsException'> (0x00000000d5feb000) thrown at [C:\re\workspace\8-2-build-windows-amd64-cygwin\jdk8u231\13620\hotspot\src\share\vm\prims\jni.cpp, line 710]

Events (10 events):
Event: 46.899 loading class org/bytedeco/javacpp/annotation/Name
Event: 46.899 loading class org/bytedeco/javacpp/annotation/Name done
Event: 46.915 loading class de/vorb/tesseract/gui/work/RecognitionWorker$1
Event: 46.915 loading class de/vorb/tesseract/gui/work/RecognitionWorker$1 done
Event: 46.923 loading class de/vorb/tesseract/tools/recognition/PageRecognitionConsumer
Event: 46.923 loading class de/vorb/tesseract/tools/recognition/PageRecognitionConsumer done
Event: 46.924 Executing VM operation: RevokeBias
Event: 46.924 Executing VM operation: RevokeBias done
Event: 46.924 loading class de/vorb/tesseract/tools/recognition/DefaultRecognitionConsumer
Event: 46.924 loading class de/vorb/tesseract/tools/recognition/DefaultRecognitionConsumer done


Dynamic libraries:
0x00007ff693f90000 - 0x00007ff693fc7000 	C:\Program Files\Java\jre1.8.0_231\bin\javaw.exe
0x00007ffbf0ae0000 - 0x00007ffbf0cd0000 	C:\Windows\SYSTEM32\ntdll.dll
0x00007ffba2770000 - 0x00007ffba2783000 	C:\Program Files\Avast Software\Avast\aswhook.dll
0x00007ffbefa40000 - 0x00007ffbefaf2000 	C:\Windows\System32\KERNEL32.DLL
0x00007ffbeda70000 - 0x00007ffbedd14000 	C:\Windows\System32\KERNELBASE.dll
0x00007ffbef740000 - 0x00007ffbef7e3000 	C:\Windows\System32\ADVAPI32.dll
0x00007ffbf0290000 - 0x00007ffbf032e000 	C:\Windows\System32\msvcrt.dll
0x00007ffbef630000 - 0x00007ffbef6c7000 	C:\Windows\System32\sechost.dll
0x00007ffbf00c0000 - 0x00007ffbf01e0000 	C:\Windows\System32\RPCRT4.dll
0x00007ffbeebf0000 - 0x00007ffbeed84000 	C:\Windows\System32\USER32.dll
0x00007ffbedd20000 - 0x00007ffbedd41000 	C:\Windows\System32\win32u.dll
0x00007ffbefa10000 - 0x00007ffbefa36000 	C:\Windows\System32\GDI32.dll
0x00007ffbee850000 - 0x00007ffbee9e5000 	C:\Windows\System32\gdi32full.dll
0x00007ffbede60000 - 0x00007ffbedefe000 	C:\Windows\System32\msvcp_win.dll
0x00007ffbeea10000 - 0x00007ffbeeb0a000 	C:\Windows\System32\ucrtbase.dll
0x00007ffbcc300000 - 0x00007ffbcc584000 	C:\Windows\WinSxS\amd64_microsoft.windows.common-controls_6595b64144ccf1df_6.0.18362.900_none_e6beb9d913147d17\COMCTL32.dll
0x00007ffbf0570000 - 0x00007ffbf08a5000 	C:\Windows\System32\combase.dll
0x00007ffbeeb10000 - 0x00007ffbeeb90000 	C:\Windows\System32\bcryptPrimitives.dll
0x00007ffbf0400000 - 0x00007ffbf042e000 	C:\Windows\System32\IMM32.DLL
0x0000000066030000 - 0x0000000066102000 	C:\Program Files\Java\jre1.8.0_231\bin\msvcr100.dll
0x0000000065740000 - 0x0000000065fe6000 	C:\Program Files\Java\jre1.8.0_231\bin\server\jvm.dll
0x00007ffbf0a90000 - 0x00007ffbf0a98000 	C:\Windows\System32\PSAPI.DLL
0x00007ffbe0390000 - 0x00007ffbe0399000 	C:\Windows\SYSTEM32\WSOCK32.dll
0x00007ffbef9a0000 - 0x00007ffbefa0f000 	C:\Windows\System32\WS2_32.dll
0x00007ffbe7790000 - 0x00007ffbe77b4000 	C:\Windows\SYSTEM32\WINMM.dll
0x00007ffbe7bb0000 - 0x00007ffbe7bba000 	C:\Windows\SYSTEM32\VERSION.dll
0x00007ffbe7760000 - 0x00007ffbe778d000 	C:\Windows\SYSTEM32\WINMMBASE.dll
0x00007ffbedf00000 - 0x00007ffbedf4a000 	C:\Windows\System32\cfgmgr32.dll
0x00007ffbe29e0000 - 0x00007ffbe29ef000 	C:\Program Files\Java\jre1.8.0_231\bin\verify.dll
0x00007ffbc3e20000 - 0x00007ffbc3e49000 	C:\Program Files\Java\jre1.8.0_231\bin\java.dll
0x00007ffbcc5e0000 - 0x00007ffbcc5f6000 	C:\Program Files\Java\jre1.8.0_231\bin\zip.dll
0x00007ffbeef40000 - 0x00007ffbef626000 	C:\Windows\System32\SHELL32.dll
0x00007ffbf01e0000 - 0x00007ffbf0289000 	C:\Windows\System32\shcore.dll
0x00007ffbedf50000 - 0x00007ffbee6d0000 	C:\Windows\System32\windows.storage.dll
0x00007ffbeda40000 - 0x00007ffbeda63000 	C:\Windows\System32\profapi.dll
0x00007ffbed9f0000 - 0x00007ffbeda3a000 	C:\Windows\System32\powrprof.dll
0x00007ffbed9a0000 - 0x00007ffbed9b0000 	C:\Windows\System32\UMPDC.dll
0x00007ffbeeb90000 - 0x00007ffbeebe2000 	C:\Windows\System32\shlwapi.dll
0x00007ffbed9d0000 - 0x00007ffbed9e1000 	C:\Windows\System32\kernel.appcore.dll
0x00007ffbee9f0000 - 0x00007ffbeea07000 	C:\Windows\System32\cryptsp.dll
0x00007ffbb2d70000 - 0x00007ffbb2f0a000 	C:\Program Files\Java\jre1.8.0_231\bin\awt.dll
0x00007ffbf0330000 - 0x00007ffbf03f5000 	C:\Windows\System32\OLEAUT32.dll
0x00007ffbeb190000 - 0x00007ffbeb21f000 	C:\Windows\SYSTEM32\apphelp.dll
0x00007ffbeb400000 - 0x00007ffbeb499000 	C:\Windows\system32\uxtheme.dll
0x00007ffbf0430000 - 0x00007ffbf0565000 	C:\Windows\System32\MSCTF.dll
0x00007ffbf08b0000 - 0x00007ffbf0a07000 	C:\Windows\System32\ole32.dll
0x00007ffbeb720000 - 0x00007ffbeb74d000 	C:\Windows\system32\DWMAPI.DLL
0x00007ffbc8380000 - 0x00007ffbc84d6000 	C:\Windows\system32\opengl32.dll
0x00007ffbe13c0000 - 0x00007ffbe13ec000 	C:\Windows\SYSTEM32\GLU32.dll
0x00007ffbec5f0000 - 0x00007ffbec610000 	C:\Windows\SYSTEM32\dxcore.dll
0x00007ffbbfec0000 - 0x00007ffbbff09000 	C:\Program Files\Java\jre1.8.0_231\bin\fontmanager.dll
0x00007ffbcacd0000 - 0x00007ffbcacea000 	C:\Program Files\Java\jre1.8.0_231\bin\net.dll
0x00007ffbed210000 - 0x00007ffbed277000 	C:\Windows\system32\mswsock.dll
0x00007ffbc95a0000 - 0x00007ffbc95b2000 	C:\Program Files\Java\jre1.8.0_231\bin\nio.dll
0x00007ffbb9e30000 - 0x00007ffbb9e72000 	C:\Program Files\Java\jre1.8.0_231\bin\t2k.dll
0x00007ffbeee30000 - 0x00007ffbeeed2000 	C:\Windows\System32\clbcatq.dll
0x00007ffbe1a90000 - 0x00007ffbe1c3f000 	C:\Windows\SYSTEM32\WindowsCodecs.dll
0x00007ffbc7310000 - 0x00007ffbc734a000 	C:\Windows\system32\dataexchange.dll
0x00007ffbea2b0000 - 0x00007ffbea50b000 	C:\Windows\system32\d3d11.dll
0x00007ffbea970000 - 0x00007ffbeab4c000 	C:\Windows\system32\dcomp.dll
0x00007ffbec680000 - 0x00007ffbec76b000 	C:\Windows\system32\dxgi.dll
0x00007ffbeb750000 - 0x00007ffbeb9b1000 	C:\Windows\system32\twinapi.appcore.dll
0x00007ffbebc40000 - 0x00007ffbebc69000 	C:\Windows\system32\RMCLIENT.dll
0x0000000064940000 - 0x0000000064955000 	C:\Users\USER\.javacpp\cache\tesseract4java-0.2.1-windows-x86_64.jar\org\bytedeco\javacpp\windows-x86_64\libwinpthread-1.dll
0x0000000061440000 - 0x000000006145c000 	C:\Users\USER\.javacpp\cache\tesseract4java-0.2.1-windows-x86_64.jar\org\bytedeco\javacpp\windows-x86_64\libgcc_s_seh-1.dll
0x0000000063600000 - 0x000000006362f000 	C:\Users\USER\.javacpp\cache\tesseract4java-0.2.1-windows-x86_64.jar\org\bytedeco\javacpp\windows-x86_64\libgomp-1.dll
0x000000006fc40000 - 0x000000006fda6000 	C:\Users\USER\.javacpp\cache\tesseract4java-0.2.1-windows-x86_64.jar\org\bytedeco\javacpp\windows-x86_64\libstdc++-6.dll
0x000000001b600000 - 0x000000001bab0000 	C:\Users\USER\.javacpp\cache\tesseract4java-0.2.1-windows-x86_64.jar\org\bytedeco\javacpp\windows-x86_64\liblept-5.dll
0x000000006bf40000 - 0x000000006c272000 	C:\Users\USER\.javacpp\cache\tesseract4java-0.2.1-windows-x86_64.jar\org\bytedeco\javacpp\windows-x86_64\jnilept.dll
0x000000001bbb0000 - 0x000000001c101000 	C:\Users\USER\.javacpp\cache\tesseract4java-0.2.1-windows-x86_64.jar\org\bytedeco\javacpp\windows-x86_64\libtesseract-4.dll
0x0000000065440000 - 0x00000000654df000 	C:\Users\USER\.javacpp\cache\tesseract4java-0.2.1-windows-x86_64.jar\org\bytedeco\javacpp\windows-x86_64\jnitesseract.dll
0x00007ffbe26d0000 - 0x00007ffbe276e000 	C:\Windows\System32\TextInputFramework.dll
0x00007ffbe3b40000 - 0x00007ffbe3e6a000 	C:\Windows\System32\CoreUIComponents.dll
0x00007ffbeab50000 - 0x00007ffbeac24000 	C:\Windows\System32\CoreMessaging.dll
0x00007ffbec9e0000 - 0x00007ffbeca11000 	C:\Windows\SYSTEM32\ntmarta.dll
0x00007ffbe9070000 - 0x00007ffbe91c3000 	C:\Windows\SYSTEM32\wintypes.dll
0x00007ffbe7020000 - 0x00007ffbe72c6000 	C:\Windows\System32\iertutil.dll
0x00007ffbe6920000 - 0x00007ffbe69c9000 	C:\Windows\WinSxS\amd64_microsoft.windows.common-controls_6595b64144ccf1df_5.82.18362.900_none_2a238898466d6da2\comctl32.dll
0x00007ffbebd70000 - 0x00007ffbebe60000 	C:\Windows\system32\propsys.dll
0x00007ffbe1640000 - 0x00007ffbe1656000 	C:\Windows\system32\NetworkExplorer.dll
0x00007ffbc6ce0000 - 0x00007ffbc6d3e000 	C:\Windows\System32\thumbcache.dll
0x00007ffbe5ed0000 - 0x00007ffbe5eeb000 	C:\Windows\SYSTEM32\MPR.dll
0x00007ffbe77f0000 - 0x00007ffbe780b000 	C:\Windows\System32\p9np.dll
0x00007ffbe42f0000 - 0x00007ffbe42fb000 	C:\Windows\System32\drprov.dll
0x00007ffbeca50000 - 0x00007ffbecaa6000 	C:\Windows\System32\WINSTA.dll
0x00007ffbccb80000 - 0x00007ffbccb95000 	C:\Windows\System32\ntlanman.dll
0x00007ffbccb60000 - 0x00007ffbccb7d000 	C:\Windows\System32\davclnt.dll
0x00007ffbe6890000 - 0x00007ffbe689c000 	C:\Windows\System32\DAVHLPR.dll
0x00007ffbe8e00000 - 0x00007ffbe8e17000 	C:\Windows\System32\wkscli.dll
0x00007ffbee6d0000 - 0x00007ffbee6f6000 	C:\Windows\System32\bcrypt.dll
0x00007ffbbf850000 - 0x00007ffbbf862000 	C:\Windows\SYSTEM32\cscapi.dll
0x00007ffbecf60000 - 0x00007ffbecf6c000 	C:\Windows\System32\netutils.dll
0x00007ffbbe5c0000 - 0x00007ffbbe613000 	C:\Windows\System32\dlnashext.dll
0x00007ffbb3720000 - 0x00007ffbb3784000 	C:\Windows\System32\PlayToDevice.dll
0x00007ffbe66d0000 - 0x00007ffbe66f0000 	C:\Windows\System32\DevDispItemProvider.dll
0x00007ffbe7b30000 - 0x00007ffbe7ba2000 	C:\Windows\System32\MMDevApi.dll
0x00007ffbed7a0000 - 0x00007ffbed7ca000 	C:\Windows\System32\DEVOBJ.dll
0x00007ffbb7360000 - 0x00007ffbb73fb000 	C:\Windows\system32\wpdshext.dll
0x00007ffbc8820000 - 0x00007ffbc89c3000 	C:\Windows\WinSxS\amd64_microsoft.windows.gdiplus_6595b64144ccf1df_1.1.18362.900_none_17a9acbe6da6f6e5\gdiplus.dll
0x00007ffbb9bb0000 - 0x00007ffbb9c4e000 	C:\Windows\System32\PortableDeviceApi.dll
0x00007ffbefbd0000 - 0x00007ffbf0040000 	C:\Windows\System32\SETUPAPI.dll
0x00007ffbedd50000 - 0x00007ffbeddac000 	C:\Windows\System32\WINTRUST.dll
0x00007ffbed9b0000 - 0x00007ffbed9c2000 	C:\Windows\System32\MSASN1.dll
0x00007ffbee700000 - 0x00007ffbee849000 	C:\Windows\System32\CRYPT32.dll
0x00007ffbc3260000 - 0x00007ffbc3297000 	C:\Windows\System32\EhStorShell.dll
0x00007ffbcae70000 - 0x00007ffbcae95000 	C:\Windows\System32\EhStorAPI.dll
0x00007ffbe8960000 - 0x00007ffbe8973000 	C:\Windows\System32\WTSAPI32.dll
0x00007ffbd9270000 - 0x00007ffbd927d000 	C:\Windows\SYSTEM32\LINKINFO.dll
0x00007ffbe34c0000 - 0x00007ffbe34cc000 	C:\Windows\SYSTEM32\Secur32.dll
0x00007ffbed8c0000 - 0x00007ffbed8ef000 	C:\Windows\SYSTEM32\SSPICLI.DLL
0x00007ffbe63e0000 - 0x00007ffbe63f8000 	C:\Windows\SYSTEM32\samcli.dll
0x00007ffbe6ef0000 - 0x00007ffbe6f13000 	C:\Windows\SYSTEM32\SAMLIB.dll
0x00007ffbc70b0000 - 0x00007ffbc70ee000 	C:\Program Files\Java\jre1.8.0_231\bin\lcms.dll
0x00007ffbec2c0000 - 0x00007ffbec4b4000 	C:\Windows\SYSTEM32\dbghelp.dll

VM Arguments:
java_command: D:\USER\Documents\TI_OCR\tesseract4java-0.2.1-windows-x86_64.jar
java_class_path (initial): D:\USER\Documents\TI_OCR\tesseract4java-0.2.1-windows-x86_64.jar
Launcher Type: SUN_STANDARD

Environment Variables:
PATH=C:\Program Files (x86)\Common Files\Oracle\Java\javapath;C:\Windows\system32;C:\Windows;C:\Windows\System32\Wbem;C:\Windows\System32\WindowsPowerShell\v1.0\;C:\Windows\System32\OpenSSH\;C:\Program Files\PostgreSQL\12\bin;C:\Program Files\nodejs\;C:\Program Files\PuTTY\;C:\Program Files\Polyspace\R2019a\runtime\win64;C:\Program Files\Polyspace\R2019a\bin;C:\Users\USER\AppData\Local\Programs\Python\Python35\Scripts\;C:\Users\USER\AppData\Local\Programs\Python\Python35\;C:\Users\USER\AppData\Local\Microsoft\WindowsApps;C:\Users\USER\AppData\Local\GitHubDesktop\bin;C:\Users\USER\AppData\Roaming\npm;C:\Program Files\JetBrains\PyCharm Community Edition 2020.1.2\bin
USERNAME=USER
OS=Windows_NT
PROCESSOR_IDENTIFIER=Intel64 Family 6 Model 142 Stepping 9, GenuineIntel



---------------  S Y S T E M  ---------------

OS: Windows 10.0 , 64 bit Build 18362 (10.0.18362.900)

CPU:total 4 (initial active 4) (2 cores per cpu, 2 threads per core) family 6 model 142 stepping 9, cmov, cx8, fxsr, mmx, sse, sse2, sse3, ssse3, sse4.1, sse4.2, popcnt, avx, avx2, aes, clmul, erms, 3dnowpref, lzcnt, ht, tsc, tscinvbit, bmi1, bmi2, adx

Memory: 4k page, physical 8303436k(1803084k free), swap 14620152k(2738176k free)

vm_info: Java HotSpot(TM) 64-Bit Server VM (25.231-b11) for windows-amd64 JRE (1.8.0_231-b11), built on Oct  5 2019 03:11:30 by "java_re" with MS VC++ 10.0 (VS2010)

time: Wed Jul 01 22:29:36 2020
timezone: Hora est. Pacífico, Sudamérica
elapsed time: 46 seconds (0d 0h 0m 46s)

